<?xml version="1.0" encoding="UTF-8"?>
<!-- Generated by org.testng.reporters.JUnitXMLReporter -->
<testsuite ignored="2" hostname="DESKTOP-2HPPB5O" failures="1" tests="18" name="Test" time="1.014" errors="0" timestamp="2022-09-20T19:16:11 IST">
  <testcase classname="testNG.TestNG6" name="a" time="0.018"/>
  <testcase classname="testNG.TestNG6" name="b" time="0.027"/>
  <testcase classname="testNG.TestNG6" name="c" time="0.02">
    <skipped/>
  </testcase> <!-- c -->
  <testcase classname="testNG.TestNG7" name="createAccount" time="0.032">
    <failure type="java.lang.AssertionError" message="expected [true] but found [false]">
      <![CDATA[java.lang.AssertionError: expected [true] but found [false]
at testNG.TestNG7.createAccount(TestNG7.java:10)
at java.base/java.util.ArrayList.forEach(ArrayList.java:1511)
... Removed 31 stack frames]]>
    </failure>
  </testcase> <!-- createAccount -->
  <testcase classname="testNG.TestNG7" name="login" time="0.0">
    <skipped/>
  </testcase> <!-- login -->
  <testcase classname="testNG.TestNG4" name="a" time="0.041"/>
  <testcase classname="testNG.TestNG4" name="c" time="0.007"/>
  <testcase classname="testNG.TestNG4" name="c" time="0.006"/>
  <testcase classname="testNG.TestNG5" name="a" time="0.004"/>
  <testcase classname="testNG.TestNG5" name="c" time="0.021"/>
  <testcase classname="testNG.TestNG2" name="assertionCheck" time="0.022"/>
  <testcase classname="testNG.TestNG3" name="z" time="0.007"/>
  <testcase classname="testNG.TestNG3" name="b" time="0.003"/>
  <testcase classname="testNG.TestNG3" name="a" time="0.018"/>
  <testcase classname="testNG.TestNG3" name="p1" time="0.013"/>
  <testcase classname="testNG.TestNG3" name="p2" time="0.004"/>
  <testcase classname="testNG.TestNG01" name="a1" time="0.003"/>
  <testcase classname="testNG.TestNG01" name="a2" time="0.005"/>
  <testcase classname="testNG.TestNG5" name="b" time="0.0">
    <ignored/>
  </testcase> <!-- b -->
  <testcase classname="testNG.TestNG4" name="b" time="0.0">
    <ignored/>
  </testcase> <!-- b -->
</testsuite> <!-- Test -->
